Build started 23-08-2024 6.25.28 PM.
     1>Project "C:\Users\Priyanshu Raj\Documents\Visual Studio 2010\Projects\210101083_yes_no_1\210101083_YesNoDetection\210101083_YesNoDetection\210101083_YesNoDetection.vcxproj" on node 2 (build target(s)).
     1>InitializeBuildStatus:
         Creating "Debug\210101083_YesNoDetection.unsuccessfulbuild" because "AlwaysCreate" was specified.
       ClCompile:
         All outputs are up-to-date.
         C:\Program Files (x86)\Microsoft Visual Studio 10.0\VC\bin\CL.exe /c /ZI /nologo /W3 /WX- /Od /Oy- /D WIN32 /D _DEBUG /D _CONSOLE /D _UNICODE /D UNICODE /Gm /EHsc /RTC1 /MDd /GS /fp:precise /Zc:wchar_t /Zc:forScope /Yu"StdAfx.h" /Fp"Debug\210101083_YesNoDetection.pch" /Fo"Debug\\" /Fd"Debug\vc100.pdb" /Gd /TP /analyze- /errorReport:prompt 210101083_YesNoDetection.cpp
         210101083_YesNoDetection.cpp
     1>c:\users\priyanshu raj\documents\visual studio 2010\projects\210101083_yes_no_1\210101083_yesnodetection\210101083_yesnodetection\210101083_yesnodetection.cpp(188): warning C4244: 'initializing' : conversion from 'long double' to 'int', possible loss of data
       ManifestResourceCompile:
         All outputs are up-to-date.
       Link:
         C:\Program Files (x86)\Microsoft Visual Studio 10.0\VC\bin\link.exe /ERRORREPORT:PROMPT /OUT:"C:\Users\Priyanshu Raj\Documents\Visual Studio 2010\Projects\210101083_yes_no_1\210101083_YesNoDetection\Debug\210101083_YesNoDetection.exe" /INCREMENTAL /NOLOGO kernel32.lib user32.lib gdi32.lib winspool.lib comdlg32.lib advapi32.lib shell32.lib ole32.lib oleaut32.lib uuid.lib odbc32.lib odbccp32.lib /MANIFEST /ManifestFile:"Debug\210101083_YesNoDetection.exe.intermediate.manifest" /MANIFESTUAC:"level='asInvoker' uiAccess='false'" /DEBUG /PDB:"C:\Users\Priyanshu Raj\Documents\Visual Studio 2010\Projects\210101083_yes_no_1\210101083_YesNoDetection\Debug\210101083_YesNoDetection.pdb" /SUBSYSTEM:CONSOLE /TLBID:1 /DYNAMICBASE /NXCOMPAT /IMPLIB:"C:\Users\Priyanshu Raj\Documents\Visual Studio 2010\Projects\210101083_yes_no_1\210101083_YesNoDetection\Debug\210101083_YesNoDetection.lib" /MACHINE:X86 Debug\210101083_YesNoDetection.exe.embed.manifest.res
         Debug\210101083_YesNoDetection.obj
         Debug\stdafx.obj
       Manifest:
         C:\Program Files (x86)\Microsoft SDKs\Windows\v7.0A\bin\mt.exe /nologo /verbose /out:"Debug\210101083_YesNoDetection.exe.embed.manifest" /manifest Debug\210101083_YesNoDetection.exe.intermediate.manifest
         All outputs are up-to-date.
       LinkEmbedManifest:
         All outputs are up-to-date.
         210101083_YesNoDetection.vcxproj -> C:\Users\Priyanshu Raj\Documents\Visual Studio 2010\Projects\210101083_yes_no_1\210101083_YesNoDetection\Debug\210101083_YesNoDetection.exe
       FinalizeBuildStatus:
         Deleting file "Debug\210101083_YesNoDetection.unsuccessfulbuild".
         Touching "Debug\210101083_YesNoDetection.lastbuildstate".
     1>Done Building Project "C:\Users\Priyanshu Raj\Documents\Visual Studio 2010\Projects\210101083_yes_no_1\210101083_YesNoDetection\210101083_YesNoDetection\210101083_YesNoDetection.vcxproj" (build target(s)).

Build succeeded.

Time Elapsed 00:00:01.66
