Build started 28-08-2024 11.08.39 PM.
     1>Project "c:\Users\priyanshu raj\documents\visual studio 2010\Projects\210101083_calculate_ai\210101083_calculate_ai\210101083_calculate_ai.vcxproj" on node 2 (build target(s)).
     1>PrepareForBuild:
         Creating directory "c:\users\priyanshu raj\documents\visual studio 2010\Projects\210101083_calculate_ai\Debug\".
       InitializeBuildStatus:
         Creating "Debug\210101083_calculate_ai.unsuccessfulbuild" because "AlwaysCreate" was specified.
       ClCompile:
         C:\Program Files (x86)\Microsoft Visual Studio 10.0\VC\bin\CL.exe /c /ZI /nologo /W3 /WX- /Od /Oy- /D WIN32 /D _DEBUG /D _CONSOLE /D _UNICODE /D UNICODE /Gm /EHsc /RTC1 /MDd /GS /fp:precise /Zc:wchar_t /Zc:forScope /Yc"StdAfx.h" /Fp"Debug\210101083_calculate_ai.pch" /Fo"Debug\\" /Fd"Debug\vc100.pdb" /Gd /TP /analyze- /errorReport:prompt stdafx.cpp
         stdafx.cpp
         C:\Program Files (x86)\Microsoft Visual Studio 10.0\VC\bin\CL.exe /c /ZI /nologo /W3 /WX- /Od /Oy- /D WIN32 /D _DEBUG /D _CONSOLE /D _UNICODE /D UNICODE /Gm /EHsc /RTC1 /MDd /GS /fp:precise /Zc:wchar_t /Zc:forScope /Yu"StdAfx.h" /Fp"Debug\210101083_calculate_ai.pch" /Fo"Debug\\" /Fd"Debug\vc100.pdb" /Gd /TP /analyze- /errorReport:prompt 210101083_calculate_ai.cpp
         210101083_calculate_ai.cpp
     1>c:\users\priyanshu raj\documents\visual studio 2010\projects\210101083_calculate_ai\210101083_calculate_ai\210101083_calculate_ai.cpp(121): warning C4996: 'fopen': This function or variable may be unsafe. Consider using fopen_s instead. To disable deprecation, use _CRT_SECURE_NO_WARNINGS. See online help for details.
                 c:\program files (x86)\microsoft visual studio 10.0\vc\include\stdio.h(234) : see declaration of 'fopen'
     1>c:\users\priyanshu raj\documents\visual studio 2010\projects\210101083_calculate_ai\210101083_calculate_ai\210101083_calculate_ai.cpp(130): warning C4996: 'fscanf': This function or variable may be unsafe. Consider using fscanf_s instead. To disable deprecation, use _CRT_SECURE_NO_WARNINGS. See online help for details.
                 c:\program files (x86)\microsoft visual studio 10.0\vc\include\stdio.h(253) : see declaration of 'fscanf'
     1>c:\users\priyanshu raj\documents\visual studio 2010\projects\210101083_calculate_ai\210101083_calculate_ai\210101083_calculate_ai.cpp(154): warning C4996: 'fopen': This function or variable may be unsafe. Consider using fopen_s instead. To disable deprecation, use _CRT_SECURE_NO_WARNINGS. See online help for details.
                 c:\program files (x86)\microsoft visual studio 10.0\vc\include\stdio.h(234) : see declaration of 'fopen'
     1>c:\users\priyanshu raj\documents\visual studio 2010\projects\210101083_calculate_ai\210101083_calculate_ai\210101083_calculate_ai.cpp(275): warning C4996: 'sprintf': This function or variable may be unsafe. Consider using sprintf_s instead. To disable deprecation, use _CRT_SECURE_NO_WARNINGS. See online help for details.
                 c:\program files (x86)\microsoft visual studio 10.0\vc\include\stdio.h(371) : see declaration of 'sprintf'
     1>c:\users\priyanshu raj\documents\visual studio 2010\projects\210101083_calculate_ai\210101083_calculate_ai\210101083_calculate_ai.cpp(276): warning C4996: 'sprintf': This function or variable may be unsafe. Consider using sprintf_s instead. To disable deprecation, use _CRT_SECURE_NO_WARNINGS. See online help for details.
                 c:\program files (x86)\microsoft visual studio 10.0\vc\include\stdio.h(371) : see declaration of 'sprintf'
       ManifestResourceCompile:
         C:\Program Files (x86)\Microsoft SDKs\Windows\v7.0A\bin\rc.exe /nologo /fo"Debug\210101083_calculate_ai.exe.embed.manifest.res" Debug\210101083_calculate_ai_manifest.rc 
       Link:
         C:\Program Files (x86)\Microsoft Visual Studio 10.0\VC\bin\link.exe /ERRORREPORT:PROMPT /OUT:"c:\users\priyanshu raj\documents\visual studio 2010\Projects\210101083_calculate_ai\Debug\210101083_calculate_ai.exe" /INCREMENTAL /NOLOGO kernel32.lib user32.lib gdi32.lib winspool.lib comdlg32.lib advapi32.lib shell32.lib ole32.lib oleaut32.lib uuid.lib odbc32.lib odbccp32.lib /MANIFEST /ManifestFile:"Debug\210101083_calculate_ai.exe.intermediate.manifest" /MANIFESTUAC:"level='asInvoker' uiAccess='false'" /DEBUG /PDB:"c:\users\priyanshu raj\documents\visual studio 2010\Projects\210101083_calculate_ai\Debug\210101083_calculate_ai.pdb" /SUBSYSTEM:CONSOLE /TLBID:1 /DYNAMICBASE /NXCOMPAT /IMPLIB:"c:\users\priyanshu raj\documents\visual studio 2010\Projects\210101083_calculate_ai\Debug\210101083_calculate_ai.lib" /MACHINE:X86 Debug\210101083_calculate_ai.exe.embed.manifest.res
         Debug\210101083_calculate_ai.obj
         Debug\stdafx.obj
       Manifest:
         C:\Program Files (x86)\Microsoft SDKs\Windows\v7.0A\bin\mt.exe /nologo /verbose /out:"Debug\210101083_calculate_ai.exe.embed.manifest" /manifest Debug\210101083_calculate_ai.exe.intermediate.manifest
         C:\Program Files (x86)\Microsoft SDKs\Windows\v7.0A\bin\rc.exe /nologo /fo"Debug\210101083_calculate_ai.exe.embed.manifest.res" Debug\210101083_calculate_ai_manifest.rc 
       LinkEmbedManifest:
         C:\Program Files (x86)\Microsoft Visual Studio 10.0\VC\bin\link.exe /ERRORREPORT:PROMPT /OUT:"c:\users\priyanshu raj\documents\visual studio 2010\Projects\210101083_calculate_ai\Debug\210101083_calculate_ai.exe" /INCREMENTAL /NOLOGO kernel32.lib user32.lib gdi32.lib winspool.lib comdlg32.lib advapi32.lib shell32.lib ole32.lib oleaut32.lib uuid.lib odbc32.lib odbccp32.lib /MANIFEST /ManifestFile:"Debug\210101083_calculate_ai.exe.intermediate.manifest" /MANIFESTUAC:"level='asInvoker' uiAccess='false'" /DEBUG /PDB:"c:\users\priyanshu raj\documents\visual studio 2010\Projects\210101083_calculate_ai\Debug\210101083_calculate_ai.pdb" /SUBSYSTEM:CONSOLE /TLBID:1 /DYNAMICBASE /NXCOMPAT /IMPLIB:"c:\users\priyanshu raj\documents\visual studio 2010\Projects\210101083_calculate_ai\Debug\210101083_calculate_ai.lib" /MACHINE:X86 Debug\210101083_calculate_ai.exe.embed.manifest.res
         Debug\210101083_calculate_ai.obj
         Debug\stdafx.obj
         210101083_calculate_ai.vcxproj -> c:\users\priyanshu raj\documents\visual studio 2010\Projects\210101083_calculate_ai\Debug\210101083_calculate_ai.exe
       FinalizeBuildStatus:
         Deleting file "Debug\210101083_calculate_ai.unsuccessfulbuild".
         Touching "Debug\210101083_calculate_ai.lastbuildstate".
     1>Done Building Project "c:\Users\priyanshu raj\documents\visual studio 2010\Projects\210101083_calculate_ai\210101083_calculate_ai\210101083_calculate_ai.vcxproj" (build target(s)).

Build succeeded.

Time Elapsed 00:00:02.23
